[ pid=1895 thr=3062664048 file=ext/nginx/HelperAgent.cpp:568 time=2010-11-19 16:54:52.104 ]: Couldn't forward the HTTP response back to the HTTP client: It seems the user clicked on the 'Stop' button in his browser.
[ pid=1895 thr=3062262640 file=ext/nginx/HelperAgent.cpp:568 time=2010-11-19 16:54:52.273 ]: Couldn't forward the HTTP response back to the HTTP client: It seems the user clicked on the 'Stop' button in his browser.
[ pid=1895 thr=3061861232 file=ext/nginx/HelperAgent.cpp:568 time=2010-11-19 16:54:52.404 ]: Couldn't forward the HTTP response back to the HTTP client: It seems the user clicked on the 'Stop' button in his browser.
--------------------------------172.21.100.250
--------------------------------statusMOVEDcitycountry_namecountry_coderegion_coderegion_namelatitude0zip_postal_codelongitude0ip0.0.0.0
--------------------------------172.21.100.250
--------------------------------statusMOVEDcitycountry_namecountry_coderegion_coderegion_namelatitude0zip_postal_codelongitude0ip0.0.0.0
--------------------------------172.21.100.250
--------------------------------statusMOVEDcitycountry_namecountry_coderegion_coderegion_namelatitude0zip_postal_codelongitude0ip0.0.0.0
--------------------------------172.21.100.250
--------------------------------statusMOVEDcitycountry_namecountry_coderegion_coderegion_namelatitude0zip_postal_codelongitude0ip0.0.0.0
[ pid=2334 thr=3063184240 file=ext/nginx/HelperAgent.cpp:568 time=2010-11-19 17:10:07.987 ]: Couldn't forward the HTTP response back to the HTTP client: It seems the user clicked on the 'Stop' button in his browser.
--------------------------------172.21.100.250
--------------------------------statusMOVEDcitycountry_namecountry_coderegion_coderegion_namelatitude0zip_postal_codelongitude0ip0.0.0.0
[ pid=2334 thr=3062782832 file=ext/nginx/HelperAgent.cpp:568 time=2010-11-19 17:10:09.176 ]: Couldn't forward the HTTP response back to the HTTP client: It seems the user clicked on the 'Stop' button in his browser.
--------------------------------172.21.100.250
--------------------------------statusMOVEDcitycountry_namecountry_coderegion_coderegion_namelatitude0zip_postal_codelongitude0ip0.0.0.0
[ pid=2334 thr=3062381424 file=ext/nginx/HelperAgent.cpp:568 time=2010-11-19 17:10:10.269 ]: Couldn't forward the HTTP response back to the HTTP client: It seems the user clicked on the 'Stop' button in his browser.
--------------------------------172.21.100.250
--------------------------------statusMOVEDcitycountry_namecountry_coderegion_coderegion_namelatitude0zip_postal_codelongitude0ip0.0.0.0
========================================172.21.100.250
--------------------------------172.21.100.250
--------------------------------statusMOVEDcitycountry_namecountry_coderegion_coderegion_namelatitude0zip_postal_codelongitude0ip0.0.0.0
========================================172.21.100.250
--------------------------------172.21.100.250
--------------------------------statusMOVEDcitycountry_namecountry_coderegion_coderegion_namelatitude0zip_postal_codelongitude0ip0.0.0.0
========================================172.21.100.250
--------------------------------172.21.100.250
--------------------------------statusMOVEDcitycountry_namecountry_coderegion_coderegion_namelatitude0zip_postal_codelongitude0ip0.0.0.0
========================================116.88.200.81
--------------------------------116.88.200.81
--------------------------------statusMOVEDcitycountry_namecountry_coderegion_coderegion_namelatitude0zip_postal_codelongitude0ip0.0.0.0
========================================172.21.100.250
--------------------------------172.21.100.250
--------------------------------statusMOVEDcitycountry_namecountry_coderegion_coderegion_namelatitude0zip_postal_codelongitude0ip0.0.0.0
--------------------------------172.21.100.250
--------------------------------statusMOVEDcitycountry_namecountry_coderegion_coderegion_namelatitude0zip_postal_codelongitude0ip0.0.0.0
[ pid=2335 thr=-609957668 file=utils.rb:176 time=2010-11-19 18:14:45.372 ]: *** Exception PhusionPassenger::UnknownError in PhusionPassenger::Rack::ApplicationSpawner (Could not find gem 'geokit (>= 0, runtime)' in any of the gem sources. (Bundler::GemNotFound)) (process 2335, thread #<Thread:0xb74991b8>):
	from /usr/lib/ruby/gems/1.8/gems/bundler-1.0.2/lib/bundler/resolver.rb:280:in `resolve'
	from /usr/lib/ruby/gems/1.8/gems/bundler-1.0.2/lib/bundler/resolver.rb:216:in `resolve'
	from /usr/lib/ruby/gems/1.8/gems/bundler-1.0.2/lib/bundler/resolver.rb:344:in `resolve_requirement'
	from /usr/lib/ruby/gems/1.8/gems/bundler-1.0.2/lib/bundler/resolver.rb:343:in `catch'
	from /usr/lib/ruby/gems/1.8/gems/bundler-1.0.2/lib/bundler/resolver.rb:343:in `resolve_requirement'
	from /usr/lib/ruby/gems/1.8/gems/bundler-1.0.2/lib/bundler/resolver.rb:295:in `resolve'
	from /usr/lib/ruby/gems/1.8/gems/bundler-1.0.2/lib/bundler/resolver.rb:294:in `reverse_each'
	from /usr/lib/ruby/gems/1.8/gems/bundler-1.0.2/lib/bundler/resolver.rb:294:in `resolve'
	from /usr/lib/ruby/gems/1.8/gems/bundler-1.0.2/lib/bundler/resolver.rb:216:in `resolve'
	from /usr/lib/ruby/gems/1.8/gems/bundler-1.0.2/lib/bundler/resolver.rb:344:in `resolve_requirement'
	from /usr/lib/ruby/gems/1.8/gems/bundler-1.0.2/lib/bundler/resolver.rb:343:in `catch'
	from /usr/lib/ruby/gems/1.8/gems/bundler-1.0.2/lib/bundler/resolver.rb:343:in `resolve_requirement'
	from /usr/lib/ruby/gems/1.8/gems/bundler-1.0.2/lib/bundler/resolver.rb:295:in `resolve'
	from /usr/lib/ruby/gems/1.8/gems/bundler-1.0.2/lib/bundler/resolver.rb:294:in `reverse_each'
	from /usr/lib/ruby/gems/1.8/gems/bundler-1.0.2/lib/bundler/resolver.rb:294:in `resolve'
	from /usr/lib/ruby/gems/1.8/gems/bundler-1.0.2/lib/bundler/resolver.rb:216:in `resolve'
	from /usr/lib/ruby/gems/1.8/gems/bundler-1.0.2/lib/bundler/resolver.rb:344:in `resolve_requirement'
	from /usr/lib/ruby/gems/1.8/gems/bundler-1.0.2/lib/bundler/resolver.rb:343:in `catch'
	from /usr/lib/ruby/gems/1.8/gems/bundler-1.0.2/lib/bundler/resolver.rb:343:in `resolve_requirement'
	from /usr/lib/ruby/gems/1.8/gems/bundler-1.0.2/lib/bundler/resolver.rb:295:in `resolve'
	from /usr/lib/ruby/gems/1.8/gems/bundler-1.0.2/lib/bundler/resolver.rb:294:in `reverse_each'
	from /usr/lib/ruby/gems/1.8/gems/bundler-1.0.2/lib/bundler/resolver.rb:294:in `resolve'
	from /usr/lib/ruby/gems/1.8/gems/bundler-1.0.2/lib/bundler/resolver.rb:216:in `resolve'
	from /usr/lib/ruby/gems/1.8/gems/bundler-1.0.2/lib/bundler/resolver.rb:344:in `resolve_requirement'
	from /usr/lib/ruby/gems/1.8/gems/bundler-1.0.2/lib/bundler/resolver.rb:343:in `catch'
	from /usr/lib/ruby/gems/1.8/gems/bundler-1.0.2/lib/bundler/resolver.rb:343:in `resolve_requirement'
	from /usr/lib/ruby/gems/1.8/gems/bundler-1.0.2/lib/bundler/resolver.rb:295:in `resolve'
	from /usr/lib/ruby/gems/1.8/gems/bundler-1.0.2/lib/bundler/resolver.rb:294:in `reverse_each'
	from /usr/lib/ruby/gems/1.8/gems/bundler-1.0.2/lib/bundler/resolver.rb:294:in `resolve'
	from /usr/lib/ruby/gems/1.8/gems/bundler-1.0.2/lib/bundler/resolver.rb:344:in `resolve_requirement'
	from /usr/lib/ruby/gems/1.8/gems/bundler-1.0.2/lib/bundler/resolver.rb:343:in `catch'
	from /usr/lib/ruby/gems/1.8/gems/bundler-1.0.2/lib/bundler/resolver.rb:343:in `resolve_requirement'
	from /usr/lib/ruby/gems/1.8/gems/bundler-1.0.2/lib/bundler/resolver.rb:295:in `resolve'
	from /usr/lib/ruby/gems/1.8/gems/bundler-1.0.2/lib/bundler/resolver.rb:294:in `reverse_each'
	from /usr/lib/ruby/gems/1.8/gems/bundler-1.0.2/lib/bundler/resolver.rb:294:in `resolve'
	from /usr/lib/ruby/gems/1.8/gems/bundler-1.0.2/lib/bundler/resolver.rb:344:in `resolve_requirement'
	from /usr/lib/ruby/gems/1.8/gems/bundler-1.0.2/lib/bundler/resolver.rb:343:in `catch'
	from /usr/lib/ruby/gems/1.8/gems/bundler-1.0.2/lib/bundler/resolver.rb:343:in `resolve_requirement'
	from /usr/lib/ruby/gems/1.8/gems/bundler-1.0.2/lib/bundler/resolver.rb:295:in `resolve'
	from /usr/lib/ruby/gems/1.8/gems/bundler-1.0.2/lib/bundler/resolver.rb:294:in `reverse_each'
	from /usr/lib/ruby/gems/1.8/gems/bundler-1.0.2/lib/bundler/resolver.rb:294:in `resolve'
	from /usr/lib/ruby/gems/1.8/gems/bundler-1.0.2/lib/bundler/resolver.rb:216:in `resolve'
	from /usr/lib/ruby/gems/1.8/gems/bundler-1.0.2/lib/bundler/resolver.rb:344:in `resolve_requirement'
	from /usr/lib/ruby/gems/1.8/gems/bundler-1.0.2/lib/bundler/resolver.rb:343:in `catch'
	from /usr/lib/ruby/gems/1.8/gems/bundler-1.0.2/lib/bundler/resolver.rb:343:in `resolve_requirement'
	from /usr/lib/ruby/gems/1.8/gems/bundler-1.0.2/lib/bundler/resolver.rb:295:in `resolve'
	from /usr/lib/ruby/gems/1.8/gems/bundler-1.0.2/lib/bundler/resolver.rb:294:in `reverse_each'
	from /usr/lib/ruby/gems/1.8/gems/bundler-1.0.2/lib/bundler/resolver.rb:294:in `resolve'
	from /usr/lib/ruby/gems/1.8/gems/bundler-1.0.2/lib/bundler/resolver.rb:344:in `resolve_requirement'
	from /usr/lib/ruby/gems/1.8/gems/bundler-1.0.2/lib/bundler/resolver.rb:343:in `catch'
	from /usr/lib/ruby/gems/1.8/gems/bundler-1.0.2/lib/bundler/resolver.rb:343:in `resolve_requirement'
	from /usr/lib/ruby/gems/1.8/gems/bundler-1.0.2/lib/bundler/resolver.rb:295:in `resolve'
	from /usr/lib/ruby/gems/1.8/gems/bundler-1.0.2/lib/bundler/resolver.rb:294:in `reverse_each'
	from /usr/lib/ruby/gems/1.8/gems/bundler-1.0.2/lib/bundler/resolver.rb:294:in `resolve'
	from /usr/lib/ruby/gems/1.8/gems/bundler-1.0.2/lib/bundler/resolver.rb:162:in `start'
	from /usr/lib/ruby/gems/1.8/gems/bundler-1.0.2/lib/bundler/resolver.rb:131:in `resolve'
	from /usr/lib/ruby/gems/1.8/gems/bundler-1.0.2/lib/bundler/resolver.rb:130:in `catch'
	from /usr/lib/ruby/gems/1.8/gems/bundler-1.0.2/lib/bundler/resolver.rb:130:in `resolve'
	from /usr/lib/ruby/gems/1.8/gems/bundler-1.0.2/lib/bundler/definition.rb:153:in `resolve'
	from /usr/lib/ruby/gems/1.8/gems/bundler-1.0.2/lib/bundler/definition.rb:93:in `specs'
	from /usr/lib/ruby/gems/1.8/gems/bundler-1.0.2/lib/bundler/definition.rb:137:in `specs_for'
	from /usr/lib/ruby/gems/1.8/gems/bundler-1.0.2/lib/bundler/definition.rb:126:in `requested_specs'
	from /usr/lib/ruby/gems/1.8/gems/bundler-1.0.2/lib/bundler/environment.rb:23:in `requested_specs'
	from /usr/lib/ruby/gems/1.8/gems/bundler-1.0.2/lib/bundler/runtime.rb:11:in `setup'
	from /usr/lib/ruby/gems/1.8/gems/bundler-1.0.2/lib/bundler.rb:100:in `setup'
	from /var/lib/passenger-standalone/3.0.0-i686-ruby1.8.7-linux-gcc4.4.3-1002/support/lib/phusion_passenger/utils.rb:326:in `prepare_app_process'
	from /var/lib/passenger-standalone/3.0.0-i686-ruby1.8.7-linux-gcc4.4.3-1002/support/lib/phusion_passenger/rack/application_spawner.rb:155:in `initialize_server'
	from /var/lib/passenger-standalone/3.0.0-i686-ruby1.8.7-linux-gcc4.4.3-1002/support/lib/phusion_passenger/utils.rb:564:in `report_app_init_status'
	from /var/lib/passenger-standalone/3.0.0-i686-ruby1.8.7-linux-gcc4.4.3-1002/support/lib/phusion_passenger/rack/application_spawner.rb:153:in `initialize_server'
	from /var/lib/passenger-standalone/3.0.0-i686-ruby1.8.7-linux-gcc4.4.3-1002/support/lib/phusion_passenger/abstract_server.rb:204:in `start_synchronously'
	from /var/lib/passenger-standalone/3.0.0-i686-ruby1.8.7-linux-gcc4.4.3-1002/support/lib/phusion_passenger/abstract_server.rb:180:in `start'
	from /var/lib/passenger-standalone/3.0.0-i686-ruby1.8.7-linux-gcc4.4.3-1002/support/lib/phusion_passenger/rack/application_spawner.rb:128:in `start'
	from /var/lib/passenger-standalone/3.0.0-i686-ruby1.8.7-linux-gcc4.4.3-1002/support/lib/phusion_passenger/spawn_manager.rb:253:in `spawn_rack_application'
	from /var/lib/passenger-standalone/3.0.0-i686-ruby1.8.7-linux-gcc4.4.3-1002/support/lib/phusion_passenger/abstract_server_collection.rb:132:in `lookup_or_add'
	from /var/lib/passenger-standalone/3.0.0-i686-ruby1.8.7-linux-gcc4.4.3-1002/support/lib/phusion_passenger/spawn_manager.rb:246:in `spawn_rack_application'
	from /var/lib/passenger-standalone/3.0.0-i686-ruby1.8.7-linux-gcc4.4.3-1002/support/lib/phusion_passenger/abstract_server_collection.rb:82:in `synchronize'
	from /var/lib/passenger-standalone/3.0.0-i686-ruby1.8.7-linux-gcc4.4.3-1002/support/lib/phusion_passenger/abstract_server_collection.rb:79:in `synchronize'
	from /var/lib/passenger-standalone/3.0.0-i686-ruby1.8.7-linux-gcc4.4.3-1002/support/lib/phusion_passenger/spawn_manager.rb:244:in `spawn_rack_application'
	from /var/lib/passenger-standalone/3.0.0-i686-ruby1.8.7-linux-gcc4.4.3-1002/support/lib/phusion_passenger/spawn_manager.rb:137:in `spawn_application'
	from /var/lib/passenger-standalone/3.0.0-i686-ruby1.8.7-linux-gcc4.4.3-1002/support/lib/phusion_passenger/spawn_manager.rb:275:in `handle_spawn_application'
	from /var/lib/passenger-standalone/3.0.0-i686-ruby1.8.7-linux-gcc4.4.3-1002/support/lib/phusion_passenger/abstract_server.rb:357:in `__send__'
	from /var/lib/passenger-standalone/3.0.0-i686-ruby1.8.7-linux-gcc4.4.3-1002/support/lib/phusion_passenger/abstract_server.rb:357:in `server_main_loop'
	from /var/lib/passenger-standalone/3.0.0-i686-ruby1.8.7-linux-gcc4.4.3-1002/support/lib/phusion_passenger/abstract_server.rb:206:in `start_synchronously'
	from /var/lib/passenger-standalone/3.0.0-i686-ruby1.8.7-linux-gcc4.4.3-1002/support/helper-scripts/passenger-spawn-server:99
[ pid=2335 thr=-609957668 file=utils.rb:176 time=2010-11-19 18:15:01.246 ]: *** Exception PhusionPassenger::UnknownError in PhusionPassenger::Rack::ApplicationSpawner (Could not find gem 'geokit (>= 0, runtime)' in any of the gem sources. (Bundler::GemNotFound)) (process 2335, thread #<Thread:0xb74991b8>):
	from /usr/lib/ruby/gems/1.8/gems/bundler-1.0.2/lib/bundler/resolver.rb:280:in `resolve'
	from /usr/lib/ruby/gems/1.8/gems/bundler-1.0.2/lib/bundler/resolver.rb:216:in `resolve'
	from /usr/lib/ruby/gems/1.8/gems/bundler-1.0.2/lib/bundler/resolver.rb:344:in `resolve_requirement'
	from /usr/lib/ruby/gems/1.8/gems/bundler-1.0.2/lib/bundler/resolver.rb:343:in `catch'
	from /usr/lib/ruby/gems/1.8/gems/bundler-1.0.2/lib/bundler/resolver.rb:343:in `resolve_requirement'
	from /usr/lib/ruby/gems/1.8/gems/bundler-1.0.2/lib/bundler/resolver.rb:295:in `resolve'
	from /usr/lib/ruby/gems/1.8/gems/bundler-1.0.2/lib/bundler/resolver.rb:294:in `reverse_each'
	from /usr/lib/ruby/gems/1.8/gems/bundler-1.0.2/lib/bundler/resolver.rb:294:in `resolve'
	from /usr/lib/ruby/gems/1.8/gems/bundler-1.0.2/lib/bundler/resolver.rb:216:in `resolve'
	from /usr/lib/ruby/gems/1.8/gems/bundler-1.0.2/lib/bundler/resolver.rb:344:in `resolve_requirement'
	from /usr/lib/ruby/gems/1.8/gems/bundler-1.0.2/lib/bundler/resolver.rb:343:in `catch'
	from /usr/lib/ruby/gems/1.8/gems/bundler-1.0.2/lib/bundler/resolver.rb:343:in `resolve_requirement'
	from /usr/lib/ruby/gems/1.8/gems/bundler-1.0.2/lib/bundler/resolver.rb:295:in `resolve'
	from /usr/lib/ruby/gems/1.8/gems/bundler-1.0.2/lib/bundler/resolver.rb:294:in `reverse_each'
	from /usr/lib/ruby/gems/1.8/gems/bundler-1.0.2/lib/bundler/resolver.rb:294:in `resolve'
	from /usr/lib/ruby/gems/1.8/gems/bundler-1.0.2/lib/bundler/resolver.rb:216:in `resolve'
	from /usr/lib/ruby/gems/1.8/gems/bundler-1.0.2/lib/bundler/resolver.rb:344:in `resolve_requirement'
	from /usr/lib/ruby/gems/1.8/gems/bundler-1.0.2/lib/bundler/resolver.rb:343:in `catch'
	from /usr/lib/ruby/gems/1.8/gems/bundler-1.0.2/lib/bundler/resolver.rb:343:in `resolve_requirement'
	from /usr/lib/ruby/gems/1.8/gems/bundler-1.0.2/lib/bundler/resolver.rb:295:in `resolve'
	from /usr/lib/ruby/gems/1.8/gems/bundler-1.0.2/lib/bundler/resolver.rb:294:in `reverse_each'
	from /usr/lib/ruby/gems/1.8/gems/bundler-1.0.2/lib/bundler/resolver.rb:294:in `resolve'
	from /usr/lib/ruby/gems/1.8/gems/bundler-1.0.2/lib/bundler/resolver.rb:216:in `resolve'
	from /usr/lib/ruby/gems/1.8/gems/bundler-1.0.2/lib/bundler/resolver.rb:344:in `resolve_requirement'
	from /usr/lib/ruby/gems/1.8/gems/bundler-1.0.2/lib/bundler/resolver.rb:343:in `catch'
	from /usr/lib/ruby/gems/1.8/gems/bundler-1.0.2/lib/bundler/resolver.rb:343:in `resolve_requirement'
	from /usr/lib/ruby/gems/1.8/gems/bundler-1.0.2/lib/bundler/resolver.rb:295:in `resolve'
	from /usr/lib/ruby/gems/1.8/gems/bundler-1.0.2/lib/bundler/resolver.rb:294:in `reverse_each'
	from /usr/lib/ruby/gems/1.8/gems/bundler-1.0.2/lib/bundler/resolver.rb:294:in `resolve'
	from /usr/lib/ruby/gems/1.8/gems/bundler-1.0.2/lib/bundler/resolver.rb:344:in `resolve_requirement'
	from /usr/lib/ruby/gems/1.8/gems/bundler-1.0.2/lib/bundler/resolver.rb:343:in `catch'
	from /usr/lib/ruby/gems/1.8/gems/bundler-1.0.2/lib/bundler/resolver.rb:343:in `resolve_requirement'
	from /usr/lib/ruby/gems/1.8/gems/bundler-1.0.2/lib/bundler/resolver.rb:295:in `resolve'
	from /usr/lib/ruby/gems/1.8/gems/bundler-1.0.2/lib/bundler/resolver.rb:294:in `reverse_each'
	from /usr/lib/ruby/gems/1.8/gems/bundler-1.0.2/lib/bundler/resolver.rb:294:in `resolve'
	from /usr/lib/ruby/gems/1.8/gems/bundler-1.0.2/lib/bundler/resolver.rb:344:in `resolve_requirement'
	from /usr/lib/ruby/gems/1.8/gems/bundler-1.0.2/lib/bundler/resolver.rb:343:in `catch'
	from /usr/lib/ruby/gems/1.8/gems/bundler-1.0.2/lib/bundler/resolver.rb:343:in `resolve_requirement'
	from /usr/lib/ruby/gems/1.8/gems/bundler-1.0.2/lib/bundler/resolver.rb:295:in `resolve'
	from /usr/lib/ruby/gems/1.8/gems/bundler-1.0.2/lib/bundler/resolver.rb:294:in `reverse_each'
	from /usr/lib/ruby/gems/1.8/gems/bundler-1.0.2/lib/bundler/resolver.rb:294:in `resolve'
	from /usr/lib/ruby/gems/1.8/gems/bundler-1.0.2/lib/bundler/resolver.rb:216:in `resolve'
	from /usr/lib/ruby/gems/1.8/gems/bundler-1.0.2/lib/bundler/resolver.rb:344:in `resolve_requirement'
	from /usr/lib/ruby/gems/1.8/gems/bundler-1.0.2/lib/bundler/resolver.rb:343:in `catch'
	from /usr/lib/ruby/gems/1.8/gems/bundler-1.0.2/lib/bundler/resolver.rb:343:in `resolve_requirement'
	from /usr/lib/ruby/gems/1.8/gems/bundler-1.0.2/lib/bundler/resolver.rb:295:in `resolve'
	from /usr/lib/ruby/gems/1.8/gems/bundler-1.0.2/lib/bundler/resolver.rb:294:in `reverse_each'
	from /usr/lib/ruby/gems/1.8/gems/bundler-1.0.2/lib/bundler/resolver.rb:294:in `resolve'
	from /usr/lib/ruby/gems/1.8/gems/bundler-1.0.2/lib/bundler/resolver.rb:344:in `resolve_requirement'
	from /usr/lib/ruby/gems/1.8/gems/bundler-1.0.2/lib/bundler/resolver.rb:343:in `catch'
	from /usr/lib/ruby/gems/1.8/gems/bundler-1.0.2/lib/bundler/resolver.rb:343:in `resolve_requirement'
	from /usr/lib/ruby/gems/1.8/gems/bundler-1.0.2/lib/bundler/resolver.rb:295:in `resolve'
	from /usr/lib/ruby/gems/1.8/gems/bundler-1.0.2/lib/bundler/resolver.rb:294:in `reverse_each'
	from /usr/lib/ruby/gems/1.8/gems/bundler-1.0.2/lib/bundler/resolver.rb:294:in `resolve'
	from /usr/lib/ruby/gems/1.8/gems/bundler-1.0.2/lib/bundler/resolver.rb:162:in `start'
	from /usr/lib/ruby/gems/1.8/gems/bundler-1.0.2/lib/bundler/resolver.rb:131:in `resolve'
	from /usr/lib/ruby/gems/1.8/gems/bundler-1.0.2/lib/bundler/resolver.rb:130:in `catch'
	from /usr/lib/ruby/gems/1.8/gems/bundler-1.0.2/lib/bundler/resolver.rb:130:in `resolve'
	from /usr/lib/ruby/gems/1.8/gems/bundler-1.0.2/lib/bundler/definition.rb:153:in `resolve'
	from /usr/lib/ruby/gems/1.8/gems/bundler-1.0.2/lib/bundler/definition.rb:93:in `specs'
	from /usr/lib/ruby/gems/1.8/gems/bundler-1.0.2/lib/bundler/definition.rb:137:in `specs_for'
	from /usr/lib/ruby/gems/1.8/gems/bundler-1.0.2/lib/bundler/definition.rb:126:in `requested_specs'
	from /usr/lib/ruby/gems/1.8/gems/bundler-1.0.2/lib/bundler/environment.rb:23:in `requested_specs'
	from /usr/lib/ruby/gems/1.8/gems/bundler-1.0.2/lib/bundler/runtime.rb:11:in `setup'
	from /usr/lib/ruby/gems/1.8/gems/bundler-1.0.2/lib/bundler.rb:100:in `setup'
	from /var/lib/passenger-standalone/3.0.0-i686-ruby1.8.7-linux-gcc4.4.3-1002/support/lib/phusion_passenger/utils.rb:326:in `prepare_app_process'
	from /var/lib/passenger-standalone/3.0.0-i686-ruby1.8.7-linux-gcc4.4.3-1002/support/lib/phusion_passenger/rack/application_spawner.rb:155:in `initialize_server'
	from /var/lib/passenger-standalone/3.0.0-i686-ruby1.8.7-linux-gcc4.4.3-1002/support/lib/phusion_passenger/utils.rb:564:in `report_app_init_status'
	from /var/lib/passenger-standalone/3.0.0-i686-ruby1.8.7-linux-gcc4.4.3-1002/support/lib/phusion_passenger/rack/application_spawner.rb:153:in `initialize_server'
	from /var/lib/passenger-standalone/3.0.0-i686-ruby1.8.7-linux-gcc4.4.3-1002/support/lib/phusion_passenger/abstract_server.rb:204:in `start_synchronously'
	from /var/lib/passenger-standalone/3.0.0-i686-ruby1.8.7-linux-gcc4.4.3-1002/support/lib/phusion_passenger/abstract_server.rb:180:in `start'
	from /var/lib/passenger-standalone/3.0.0-i686-ruby1.8.7-linux-gcc4.4.3-1002/support/lib/phusion_passenger/rack/application_spawner.rb:128:in `start'
	from /var/lib/passenger-standalone/3.0.0-i686-ruby1.8.7-linux-gcc4.4.3-1002/support/lib/phusion_passenger/spawn_manager.rb:253:in `spawn_rack_application'
	from /var/lib/passenger-standalone/3.0.0-i686-ruby1.8.7-linux-gcc4.4.3-1002/support/lib/phusion_passenger/abstract_server_collection.rb:132:in `lookup_or_add'
	from /var/lib/passenger-standalone/3.0.0-i686-ruby1.8.7-linux-gcc4.4.3-1002/support/lib/phusion_passenger/spawn_manager.rb:246:in `spawn_rack_application'
	from /var/lib/passenger-standalone/3.0.0-i686-ruby1.8.7-linux-gcc4.4.3-1002/support/lib/phusion_passenger/abstract_server_collection.rb:82:in `synchronize'
	from /var/lib/passenger-standalone/3.0.0-i686-ruby1.8.7-linux-gcc4.4.3-1002/support/lib/phusion_passenger/abstract_server_collection.rb:79:in `synchronize'
	from /var/lib/passenger-standalone/3.0.0-i686-ruby1.8.7-linux-gcc4.4.3-1002/support/lib/phusion_passenger/spawn_manager.rb:244:in `spawn_rack_application'
	from /var/lib/passenger-standalone/3.0.0-i686-ruby1.8.7-linux-gcc4.4.3-1002/support/lib/phusion_passenger/spawn_manager.rb:137:in `spawn_application'
	from /var/lib/passenger-standalone/3.0.0-i686-ruby1.8.7-linux-gcc4.4.3-1002/support/lib/phusion_passenger/spawn_manager.rb:275:in `handle_spawn_application'
	from /var/lib/passenger-standalone/3.0.0-i686-ruby1.8.7-linux-gcc4.4.3-1002/support/lib/phusion_passenger/abstract_server.rb:357:in `__send__'
	from /var/lib/passenger-standalone/3.0.0-i686-ruby1.8.7-linux-gcc4.4.3-1002/support/lib/phusion_passenger/abstract_server.rb:357:in `server_main_loop'
	from /var/lib/passenger-standalone/3.0.0-i686-ruby1.8.7-linux-gcc4.4.3-1002/support/lib/phusion_passenger/abstract_server.rb:206:in `start_synchronously'
	from /var/lib/passenger-standalone/3.0.0-i686-ruby1.8.7-linux-gcc4.4.3-1002/support/helper-scripts/passenger-spawn-server:99
[ pid=2335 thr=-609957668 file=utils.rb:176 time=2010-11-19 18:15:05.626 ]: *** Exception PhusionPassenger::UnknownError in PhusionPassenger::Rack::ApplicationSpawner (Could not find gem 'geokit (>= 0, runtime)' in any of the gem sources. (Bundler::GemNotFound)) (process 2335, thread #<Thread:0xb74991b8>):
	from /usr/lib/ruby/gems/1.8/gems/bundler-1.0.2/lib/bundler/resolver.rb:280:in `resolve'
	from /usr/lib/ruby/gems/1.8/gems/bundler-1.0.2/lib/bundler/resolver.rb:216:in `resolve'
	from /usr/lib/ruby/gems/1.8/gems/bundler-1.0.2/lib/bundler/resolver.rb:344:in `resolve_requirement'
	from /usr/lib/ruby/gems/1.8/gems/bundler-1.0.2/lib/bundler/resolver.rb:343:in `catch'
	from /usr/lib/ruby/gems/1.8/gems/bundler-1.0.2/lib/bundler/resolver.rb:343:in `resolve_requirement'
	from /usr/lib/ruby/gems/1.8/gems/bundler-1.0.2/lib/bundler/resolver.rb:295:in `resolve'
	from /usr/lib/ruby/gems/1.8/gems/bundler-1.0.2/lib/bundler/resolver.rb:294:in `reverse_each'
	from /usr/lib/ruby/gems/1.8/gems/bundler-1.0.2/lib/bundler/resolver.rb:294:in `resolve'
	from /usr/lib/ruby/gems/1.8/gems/bundler-1.0.2/lib/bundler/resolver.rb:216:in `resolve'
	from /usr/lib/ruby/gems/1.8/gems/bundler-1.0.2/lib/bundler/resolver.rb:344:in `resolve_requirement'
	from /usr/lib/ruby/gems/1.8/gems/bundler-1.0.2/lib/bundler/resolver.rb:343:in `catch'
	from /usr/lib/ruby/gems/1.8/gems/bundler-1.0.2/lib/bundler/resolver.rb:343:in `resolve_requirement'
	from /usr/lib/ruby/gems/1.8/gems/bundler-1.0.2/lib/bundler/resolver.rb:295:in `resolve'
	from /usr/lib/ruby/gems/1.8/gems/bundler-1.0.2/lib/bundler/resolver.rb:294:in `reverse_each'
	from /usr/lib/ruby/gems/1.8/gems/bundler-1.0.2/lib/bundler/resolver.rb:294:in `resolve'
	from /usr/lib/ruby/gems/1.8/gems/bundler-1.0.2/lib/bundler/resolver.rb:216:in `resolve'
	from /usr/lib/ruby/gems/1.8/gems/bundler-1.0.2/lib/bundler/resolver.rb:344:in `resolve_requirement'
	from /usr/lib/ruby/gems/1.8/gems/bundler-1.0.2/lib/bundler/resolver.rb:343:in `catch'
	from /usr/lib/ruby/gems/1.8/gems/bundler-1.0.2/lib/bundler/resolver.rb:343:in `resolve_requirement'
	from /usr/lib/ruby/gems/1.8/gems/bundler-1.0.2/lib/bundler/resolver.rb:295:in `resolve'
	from /usr/lib/ruby/gems/1.8/gems/bundler-1.0.2/lib/bundler/resolver.rb:294:in `reverse_each'
	from /usr/lib/ruby/gems/1.8/gems/bundler-1.0.2/lib/bundler/resolver.rb:294:in `resolve'
	from /usr/lib/ruby/gems/1.8/gems/bundler-1.0.2/lib/bundler/resolver.rb:216:in `resolve'
	from /usr/lib/ruby/gems/1.8/gems/bundler-1.0.2/lib/bundler/resolver.rb:344:in `resolve_requirement'
	from /usr/lib/ruby/gems/1.8/gems/bundler-1.0.2/lib/bundler/resolver.rb:343:in `catch'
	from /usr/lib/ruby/gems/1.8/gems/bundler-1.0.2/lib/bundler/resolver.rb:343:in `resolve_requirement'
	from /usr/lib/ruby/gems/1.8/gems/bundler-1.0.2/lib/bundler/resolver.rb:295:in `resolve'
	from /usr/lib/ruby/gems/1.8/gems/bundler-1.0.2/lib/bundler/resolver.rb:294:in `reverse_each'
	from /usr/lib/ruby/gems/1.8/gems/bundler-1.0.2/lib/bundler/resolver.rb:294:in `resolve'
	from /usr/lib/ruby/gems/1.8/gems/bundler-1.0.2/lib/bundler/resolver.rb:344:in `resolve_requirement'
	from /usr/lib/ruby/gems/1.8/gems/bundler-1.0.2/lib/bundler/resolver.rb:343:in `catch'
	from /usr/lib/ruby/gems/1.8/gems/bundler-1.0.2/lib/bundler/resolver.rb:343:in `resolve_requirement'
	from /usr/lib/ruby/gems/1.8/gems/bundler-1.0.2/lib/bundler/resolver.rb:295:in `resolve'
	from /usr/lib/ruby/gems/1.8/gems/bundler-1.0.2/lib/bundler/resolver.rb:294:in `reverse_each'
	from /usr/lib/ruby/gems/1.8/gems/bundler-1.0.2/lib/bundler/resolver.rb:294:in `resolve'
	from /usr/lib/ruby/gems/1.8/gems/bundler-1.0.2/lib/bundler/resolver.rb:344:in `resolve_requirement'
	from /usr/lib/ruby/gems/1.8/gems/bundler-1.0.2/lib/bundler/resolver.rb:343:in `catch'
	from /usr/lib/ruby/gems/1.8/gems/bundler-1.0.2/lib/bundler/resolver.rb:343:in `resolve_requirement'
	from /usr/lib/ruby/gems/1.8/gems/bundler-1.0.2/lib/bundler/resolver.rb:295:in `resolve'
	from /usr/lib/ruby/gems/1.8/gems/bundler-1.0.2/lib/bundler/resolver.rb:294:in `reverse_each'
	from /usr/lib/ruby/gems/1.8/gems/bundler-1.0.2/lib/bundler/resolver.rb:294:in `resolve'
	from /usr/lib/ruby/gems/1.8/gems/bundler-1.0.2/lib/bundler/resolver.rb:216:in `resolve'
	from /usr/lib/ruby/gems/1.8/gems/bundler-1.0.2/lib/bundler/resolver.rb:344:in `resolve_requirement'
	from /usr/lib/ruby/gems/1.8/gems/bundler-1.0.2/lib/bundler/resolver.rb:343:in `catch'
	from /usr/lib/ruby/gems/1.8/gems/bundler-1.0.2/lib/bundler/resolver.rb:343:in `resolve_requirement'
	from /usr/lib/ruby/gems/1.8/gems/bundler-1.0.2/lib/bundler/resolver.rb:295:in `resolve'
	from /usr/lib/ruby/gems/1.8/gems/bundler-1.0.2/lib/bundler/resolver.rb:294:in `reverse_each'
	from /usr/lib/ruby/gems/1.8/gems/bundler-1.0.2/lib/bundler/resolver.rb:294:in `resolve'
	from /usr/lib/ruby/gems/1.8/gems/bundler-1.0.2/lib/bundler/resolver.rb:344:in `resolve_requirement'
	from /usr/lib/ruby/gems/1.8/gems/bundler-1.0.2/lib/bundler/resolver.rb:343:in `catch'
	from /usr/lib/ruby/gems/1.8/gems/bundler-1.0.2/lib/bundler/resolver.rb:343:in `resolve_requirement'
	from /usr/lib/ruby/gems/1.8/gems/bundler-1.0.2/lib/bundler/resolver.rb:295:in `resolve'
	from /usr/lib/ruby/gems/1.8/gems/bundler-1.0.2/lib/bundler/resolver.rb:294:in `reverse_each'
	from /usr/lib/ruby/gems/1.8/gems/bundler-1.0.2/lib/bundler/resolver.rb:294:in `resolve'
	from /usr/lib/ruby/gems/1.8/gems/bundler-1.0.2/lib/bundler/resolver.rb:162:in `start'
	from /usr/lib/ruby/gems/1.8/gems/bundler-1.0.2/lib/bundler/resolver.rb:131:in `resolve'
	from /usr/lib/ruby/gems/1.8/gems/bundler-1.0.2/lib/bundler/resolver.rb:130:in `catch'
	from /usr/lib/ruby/gems/1.8/gems/bundler-1.0.2/lib/bundler/resolver.rb:130:in `resolve'
	from /usr/lib/ruby/gems/1.8/gems/bundler-1.0.2/lib/bundler/definition.rb:153:in `resolve'
	from /usr/lib/ruby/gems/1.8/gems/bundler-1.0.2/lib/bundler/definition.rb:93:in `specs'
	from /usr/lib/ruby/gems/1.8/gems/bundler-1.0.2/lib/bundler/definition.rb:137:in `specs_for'
	from /usr/lib/ruby/gems/1.8/gems/bundler-1.0.2/lib/bundler/definition.rb:126:in `requested_specs'
	from /usr/lib/ruby/gems/1.8/gems/bundler-1.0.2/lib/bundler/environment.rb:23:in `requested_specs'
	from /usr/lib/ruby/gems/1.8/gems/bundler-1.0.2/lib/bundler/runtime.rb:11:in `setup'
	from /usr/lib/ruby/gems/1.8/gems/bundler-1.0.2/lib/bundler.rb:100:in `setup'
	from /var/lib/passenger-standalone/3.0.0-i686-ruby1.8.7-linux-gcc4.4.3-1002/support/lib/phusion_passenger/utils.rb:326:in `prepare_app_process'
	from /var/lib/passenger-standalone/3.0.0-i686-ruby1.8.7-linux-gcc4.4.3-1002/support/lib/phusion_passenger/rack/application_spawner.rb:155:in `initialize_server'
	from /var/lib/passenger-standalone/3.0.0-i686-ruby1.8.7-linux-gcc4.4.3-1002/support/lib/phusion_passenger/utils.rb:564:in `report_app_init_status'
	from /var/lib/passenger-standalone/3.0.0-i686-ruby1.8.7-linux-gcc4.4.3-1002/support/lib/phusion_passenger/rack/application_spawner.rb:153:in `initialize_server'
	from /var/lib/passenger-standalone/3.0.0-i686-ruby1.8.7-linux-gcc4.4.3-1002/support/lib/phusion_passenger/abstract_server.rb:204:in `start_synchronously'
	from /var/lib/passenger-standalone/3.0.0-i686-ruby1.8.7-linux-gcc4.4.3-1002/support/lib/phusion_passenger/abstract_server.rb:180:in `start'
	from /var/lib/passenger-standalone/3.0.0-i686-ruby1.8.7-linux-gcc4.4.3-1002/support/lib/phusion_passenger/rack/application_spawner.rb:128:in `start'
	from /var/lib/passenger-standalone/3.0.0-i686-ruby1.8.7-linux-gcc4.4.3-1002/support/lib/phusion_passenger/spawn_manager.rb:253:in `spawn_rack_application'
	from /var/lib/passenger-standalone/3.0.0-i686-ruby1.8.7-linux-gcc4.4.3-1002/support/lib/phusion_passenger/abstract_server_collection.rb:132:in `lookup_or_add'
	from /var/lib/passenger-standalone/3.0.0-i686-ruby1.8.7-linux-gcc4.4.3-1002/support/lib/phusion_passenger/spawn_manager.rb:246:in `spawn_rack_application'
	from /var/lib/passenger-standalone/3.0.0-i686-ruby1.8.7-linux-gcc4.4.3-1002/support/lib/phusion_passenger/abstract_server_collection.rb:82:in `synchronize'
	from /var/lib/passenger-standalone/3.0.0-i686-ruby1.8.7-linux-gcc4.4.3-1002/support/lib/phusion_passenger/abstract_server_collection.rb:79:in `synchronize'
	from /var/lib/passenger-standalone/3.0.0-i686-ruby1.8.7-linux-gcc4.4.3-1002/support/lib/phusion_passenger/spawn_manager.rb:244:in `spawn_rack_application'
	from /var/lib/passenger-standalone/3.0.0-i686-ruby1.8.7-linux-gcc4.4.3-1002/support/lib/phusion_passenger/spawn_manager.rb:137:in `spawn_application'
	from /var/lib/passenger-standalone/3.0.0-i686-ruby1.8.7-linux-gcc4.4.3-1002/support/lib/phusion_passenger/spawn_manager.rb:275:in `handle_spawn_application'
	from /var/lib/passenger-standalone/3.0.0-i686-ruby1.8.7-linux-gcc4.4.3-1002/support/lib/phusion_passenger/abstract_server.rb:357:in `__send__'
	from /var/lib/passenger-standalone/3.0.0-i686-ruby1.8.7-linux-gcc4.4.3-1002/support/lib/phusion_passenger/abstract_server.rb:357:in `server_main_loop'
	from /var/lib/passenger-standalone/3.0.0-i686-ruby1.8.7-linux-gcc4.4.3-1002/support/lib/phusion_passenger/abstract_server.rb:206:in `start_synchronously'
	from /var/lib/passenger-standalone/3.0.0-i686-ruby1.8.7-linux-gcc4.4.3-1002/support/helper-scripts/passenger-spawn-server:99
========================================172.21.100.250
--------------------------------172.21.100.250
--------------------------------statusMOVEDip0.0.0.0citycountry_namecountry_coderegion_coderegion_namelatitude0zip_postal_codelongitude0
========================================172.21.100.250
!!!!!!!!!!!!!!!!!!!!!!!!!!!!!!!!!!SG
--------------------------------172.21.100.250
--------------------------------statusMOVEDip0.0.0.0citycountry_namecountry_coderegion_coderegion_namelatitude0zip_postal_codelongitude0
========================================172.21.100.250
!!!!!!!!!!!!!!!!!!!!!!!!!!!!!!!!!!
--------------------------------172.21.100.250
--------------------------------statusMOVEDip0.0.0.0citycountry_namecountry_coderegion_coderegion_namelatitude0zip_postal_codelongitude0
========================================172.21.100.250
!!!!!!!!!!!!!!!!!!!!!!!!!!!!!!!!!!
--------------------------------172.21.100.250
--------------------------------statusMOVEDip0.0.0.0citycountry_namecountry_coderegion_coderegion_namelatitude0zip_postal_codelongitude0
========================================172.21.100.250
!!!!!!!!!!!!!!!!!!!!!!!!!!!!!!!!!!
--------------------------------172.21.100.250
--------------------------------
!!!!!!!!!!!!!!!!!!!!!!!!!!!!!!!!!!
--------------------------------172.21.100.250
--------------------------------
!!!!!!!!!!!!!!!!!!!!!!!!!!!!!!!!!!
!!!!!!!!!!!!!!!!!!!!!!!!!!!!!!!!!!
!!!!!!!!!!!!!!!!!!!!!!!!!!!!!!!!!!
!!!!!!!!!!!!!!!!!!!!!!!!!!!!!!!!!!
--------------------------------172.21.100.250
--------------------------------
--------------------------------172.21.100.250
--------------------------------
--------------------------------172.21.100.250
--------------------------------
--------------------------------172.21.100.250
--------------------------------
========================================172.21.100.250
!!!!!!!!!!!!!!!!!!!!!!!!!!!!!!!!!!
--------------------------------172.21.100.250
--------------------------------
!!!!!!!!!!!!!!!!!!!!!!!!!!!!!!!!!!
--------------------------------172.21.100.250
--------------------------------
!!!!!!!!!!!!!!!!!!!!!!!!!!!!!!!!!!
!!!!!!!!!!!!!!!!!!!!!!!!!!!!!!!!!!
!!!!!!!!!!!!!!!!!!!!!!!!!!!!!!!!!!
--------------------------------172.21.100.250
--------------------------------
--------------------------------172.21.100.250
--------------------------------
--------------------------------172.21.100.250
--------------------------------
!!!!!!!!!!!!!!!!!!!!!!!!!!!!!!!!!!
--------------------------------172.21.100.250
--------------------------------
